#
# There is insufficient memory for the Java Runtime Environment to continue.
# Native memory allocation (mmap) failed to map 134217728 bytes for G1 virtual space
# Possible reasons:
#   The system is out of physical RAM or swap space
#   The process is running with CompressedOops enabled, and the Java Heap may be blocking the growth of the native heap
# Possible solutions:
#   Reduce memory load on the system
#   Increase physical memory or swap space
#   Check if swap backing store is full
#   Decrease Java heap size (-Xmx/-Xms)
#   Decrease number of Java threads
#   Decrease Java thread stack sizes (-Xss)
#   Set larger code cache with -XX:ReservedCodeCacheSize=
#   JVM is running with Unscaled Compressed Oops mode in which the Java heap is
#     placed in the first 4GB address space. The Java Heap base address is the
#     maximum limit for the native heap growth. Please use -XX:HeapBaseMinAddress
#     to set the Java Heap base and to place the Java Heap above 4GB virtual address.
# This output file may be truncated or incomplete.
#
#  Out of Memory Error (os_windows.cpp:3466), pid=27640, tid=9980
#
# JRE version:  (16.0+36) (build )
# Java VM: Java HotSpot(TM) 64-Bit Server VM (16+36-2231, mixed mode, sharing, tiered, compressed oops, g1 gc, windows-amd64)
# No core dump will be written. Minidumps are not enabled by default on client versions of Windows
#

---------------  S U M M A R Y ------------

Command Line: -Dfile.encoding=Cp1252 -XX:+ShowCodeDetailsInExceptionMessages hotelmanagementsysyem.AddRooms

Host: Intel(R) Core(TM) i5-8250U CPU @ 1.60GHz, 8 cores, 7G,  Windows 10 , 64 bit Build 19041 (10.0.19041.804)
Time: Sun Apr 18 00:33:28 2021 India Standard Time elapsed time: 0.122897 seconds (0d 0h 0m 0s)

---------------  T H R E A D  ---------------

Current thread (0x000002eb36017930):  JavaThread "Unknown thread" [_thread_in_vm, id=9980, stack(0x000000fd61e00000,0x000000fd61f00000)]

Stack: [0x000000fd61e00000,0x000000fd61f00000]
Native frames: (J=compiled Java code, j=interpreted, Vv=VM code, C=native code)
V  [jvm.dll+0x6681da]
V  [jvm.dll+0x7c9d99]
V  [jvm.dll+0x7cb4d3]
V  [jvm.dll+0x7cbb33]
V  [jvm.dll+0x242ee5]
V  [jvm.dll+0x664f99]
V  [jvm.dll+0x659b85]
V  [jvm.dll+0x2fbfcb]
V  [jvm.dll+0x3031c6]
V  [jvm.dll+0x352a0e]
V  [jvm.dll+0x352c3f]
V  [jvm.dll+0x2d3038]
V  [jvm.dll+0x2d4274]
V  [jvm.dll+0x79c691]
V  [jvm.dll+0x3607b1]
V  [jvm.dll+0x77a370]
V  [jvm.dll+0x3e501f]
V  [jvm.dll+0x3e6af1]
C  [jli.dll+0x52fb]
C  [ucrtbase.dll+0x21bb2]
C  [KERNEL32.DLL+0x17034]
C  [ntdll.dll+0x52651]


---------------  P R O C E S S  ---------------

Threads class SMR info:
_java_thread_list=0x00007ffb3c4acbb8, length=0, elements={
}

Java Threads: ( => current thread )

Other Threads:
  0x000002eb36058860 GCTaskThread "GC Thread#0" [stack: 0x000000fd61f00000,0x000000fd62000000] [id=45524]
  0x000002eb3606a540 ConcurrentGCThread "G1 Main Marker" [stack: 0x000000fd62000000,0x000000fd62100000] [id=38192]
  0x000002eb3606b6e0 ConcurrentGCThread "G1 Conc#0" [stack: 0x000000fd62100000,0x000000fd62200000] [id=32724]

[error occurred during error reporting (printing all threads), id 0xc0000005, EXCEPTION_ACCESS_VIOLATION (0xc0000005) at pc=0x00007ffb3bc83ef7]

VM state: not at safepoint (not fully initialized)

VM Mutex/Monitor currently owned by a thread:  ([mutex/lock_event])
[0x000002eb360139f0] Heap_lock - owner thread: 0x000002eb36017930

Heap address: 0x0000000081c00000, size: 2020 MB, Compressed Oops mode: 32-bit
CDS archive(s) mapped at: [0x0000000000000000-0x0000000000000000-0x0000000000000000), size 0, SharedBaseAddress: 0x0000000800000000, ArchiveRelocationMode: 0.
Narrow klass base: 0x0000000000000000, Narrow klass shift: 0, Narrow klass range: 0x0

GC Precious Log:
<Empty>

Heap:
 garbage-first heap   total 0K, used 0K [0x0000000081c00000, 0x0000000100000000)
  region size 1024K, 0 young (0K), 0 survivors (0K)

[error occurred during error reporting (printing heap information), id 0xc0000005, EXCEPTION_ACCESS_VIOLATION (0xc0000005) at pc=0x00007ffb3c061edd]

GC Heap History (0 events):
No events

Deoptimization events (0 events):
No events

Classes unloaded (0 events):
No events

Classes redefined (0 events):
No events

Internal exceptions (0 events):
No events

Events (1 events):
Event: 0.009 Loaded shared library C:\Program Files\Java\jdk-16\bin\java.dll


Dynamic libraries:
0x00007ff6d3a70000 - 0x00007ff6d3a80000 	C:\Program Files\Java\jdk-16\bin\javaw.exe
0x00007ffb9e7d0000 - 0x00007ffb9e9c5000 	C:\WINDOWS\SYSTEM32\ntdll.dll
0x00007ffb9d410000 - 0x00007ffb9d4cd000 	C:\WINDOWS\System32\KERNEL32.DLL
0x00007ffb9c200000 - 0x00007ffb9c4c9000 	C:\WINDOWS\System32\KERNELBASE.dll
0x00007ffb9c730000 - 0x00007ffb9c830000 	C:\WINDOWS\System32\ucrtbase.dll
0x00007ffb8fc60000 - 0x00007ffb8fc79000 	C:\Program Files\Java\jdk-16\bin\VCRUNTIME140.dll
0x00007ffb89a00000 - 0x00007ffb89a18000 	C:\Program Files\Java\jdk-16\bin\jli.dll
0x00007ffb9d4d0000 - 0x00007ffb9d57c000 	C:\WINDOWS\System32\ADVAPI32.dll
0x00007ffb9cbb0000 - 0x00007ffb9cc4e000 	C:\WINDOWS\System32\msvcrt.dll
0x00007ffb9c970000 - 0x00007ffb9ca0c000 	C:\WINDOWS\System32\sechost.dll
0x00007ffb9d760000 - 0x00007ffb9d88b000 	C:\WINDOWS\System32\RPCRT4.dll
0x00007ffb9ca10000 - 0x00007ffb9cbb0000 	C:\WINDOWS\System32\USER32.dll
0x00007ffb9c700000 - 0x00007ffb9c722000 	C:\WINDOWS\System32\win32u.dll
0x00007ffb9e4d0000 - 0x00007ffb9e4fa000 	C:\WINDOWS\System32\GDI32.dll
0x00007ffb896a0000 - 0x00007ffb8993a000 	C:\WINDOWS\WinSxS\amd64_microsoft.windows.common-controls_6595b64144ccf1df_6.0.19041.844_none_ca00b6081b84eb1d\COMCTL32.dll
0x00007ffb9bfe0000 - 0x00007ffb9c0eb000 	C:\WINDOWS\System32\gdi32full.dll
0x00007ffb9c500000 - 0x00007ffb9c59d000 	C:\WINDOWS\System32\msvcp_win.dll
0x00007ffb93470000 - 0x00007ffb9347a000 	C:\WINDOWS\SYSTEM32\VERSION.dll
0x00007ffb9e4a0000 - 0x00007ffb9e4d0000 	C:\WINDOWS\System32\IMM32.DLL
0x00007ffb98af0000 - 0x00007ffb98afc000 	C:\Program Files\Java\jdk-16\bin\vcruntime140_1.dll
0x00007ffb5b350000 - 0x00007ffb5b3e1000 	C:\Program Files\Java\jdk-16\bin\msvcp140.dll
0x00007ffb3b9a0000 - 0x00007ffb3c54b000 	C:\Program Files\Java\jdk-16\bin\server\jvm.dll
0x00007ffb9d890000 - 0x00007ffb9d898000 	C:\WINDOWS\System32\PSAPI.DLL
0x00007ffb8db90000 - 0x00007ffb8dbb7000 	C:\WINDOWS\SYSTEM32\WINMM.dll
0x00007ffb88bb0000 - 0x00007ffb88bb9000 	C:\WINDOWS\SYSTEM32\WSOCK32.dll
0x00007ffb9d260000 - 0x00007ffb9d2cb000 	C:\WINDOWS\System32\WS2_32.dll
0x00007ffb9aa60000 - 0x00007ffb9aa72000 	C:\WINDOWS\SYSTEM32\kernel.appcore.dll
0x00007ffb98a90000 - 0x00007ffb98a9a000 	C:\Program Files\Java\jdk-16\bin\jimage.dll
0x00007ffb99d60000 - 0x00007ffb99f44000 	C:\WINDOWS\SYSTEM32\DBGHELP.DLL
0x00007ffb819d0000 - 0x00007ffb819fc000 	C:\WINDOWS\SYSTEM32\dbgcore.DLL
0x00007ffb9bf60000 - 0x00007ffb9bfe0000 	C:\WINDOWS\System32\bcryptPrimitives.dll
0x00007ffb84de0000 - 0x00007ffb84e05000 	C:\Program Files\Java\jdk-16\bin\java.dll

dbghelp: loaded successfully - version: 4.0.5 - missing functions: none
symbol engine: initialized successfully - sym options: 0x614 - pdb path: .;C:\Program Files\Java\jdk-16\bin;C:\WINDOWS\SYSTEM32;C:\WINDOWS\WinSxS\amd64_microsoft.windows.common-controls_6595b64144ccf1df_6.0.19041.844_none_ca00b6081b84eb1d;C:\Program Files\Java\jdk-16\bin\server

VM Arguments:
jvm_args: -Dfile.encoding=Cp1252 -XX:+ShowCodeDetailsInExceptionMessages 
java_command: hotelmanagementsysyem.AddRooms
java_class_path (initial): G:\Hotel Managenent Java\bin;G:\$Semester 6\mysql-connector-java-8.0.23\mysql-connector-java-8.0.23.jar
Launcher Type: SUN_STANDARD

[Global flags]
     intx CICompilerCount                          = 4                                         {product} {ergonomic}
     uint ConcGCThreads                            = 2                                         {product} {ergonomic}
     uint G1ConcRefinementThreads                  = 8                                         {product} {ergonomic}
   size_t G1HeapRegionSize                         = 1048576                                   {product} {ergonomic}
    uintx GCDrainStackTargetSize                   = 64                                        {product} {ergonomic}
   size_t InitialHeapSize                          = 134217728                                 {product} {ergonomic}
   size_t MarkStackSize                            = 4194304                                   {product} {ergonomic}
   size_t MaxHeapSize                              = 2118123520                                {product} {ergonomic}
   size_t MinHeapDeltaBytes                        = 1048576                                   {product} {ergonomic}
   size_t MinHeapSize                              = 8388608                                   {product} {ergonomic}
    uintx NonNMethodCodeHeapSize                   = 5839372                                {pd product} {ergonomic}
    uintx NonProfiledCodeHeapSize                  = 122909434                              {pd product} {ergonomic}
    uintx ProfiledCodeHeapSize                     = 122909434                              {pd product} {ergonomic}
    uintx ReservedCodeCacheSize                    = 251658240                              {pd product} {ergonomic}
     bool SegmentedCodeCache                       = true                                      {product} {ergonomic}
     bool ShowCodeDetailsInExceptionMessages       = true                                   {manageable} {command line}
   size_t SoftMaxHeapSize                          = 2118123520                             {manageable} {ergonomic}
     bool UseCompressedClassPointers               = true                           {product lp64_product} {ergonomic}
     bool UseCompressedOops                        = true                           {product lp64_product} {ergonomic}
     bool UseG1GC                                  = true                                      {product} {ergonomic}
     bool UseLargePagesIndividualAllocation        = false                                  {pd product} {ergonomic}

Logging:
Log output configuration:
 #0: stdout all=warning uptime,level,tags
 #1: stderr all=off uptime,level,tags

Environment Variables:
PATH=C:\Program Files\Common Files\Oracle\Java\javapath;C:\Program Files\Python38\Scripts\;C:\Program Files\Python38\;C:\Program Files (x86)\Intel\iCLS Client\;C:\Program Files\Intel\iCLS Client\;C:\windows\system32;C:\windows;C:\windows\System32\Wbem;C:\windows\System32\WindowsPowerShell\v1.0\;C:\Program Files (x86)\Intel\Intel(R) Management Engine Components\DAL;C:\Program Files\Intel\Intel(R) Management Engine Components\DAL;C:\Program Files (x86)\Intel\Intel(R) Management Engine Components\IPT;C:\Program Files\Intel\Intel(R) Management Engine Components\IPT;C:\Program Files (x86)\NVIDIA Corporation\PhysX\Common;C:\WINDOWS\system32;C:\WINDOWS;C:\WINDOWS\System32\Wbem;C:\WINDOWS\System32\WindowsPowerShell\v1.0\;C:\WINDOWS\System32\OpenSSH\;C:\Program Files\Intel\WiFi\bin\;C:\Program Files\Common Files\Intel\WirelessCommon\;C:\Program Files\MATLAB\R2016a\runtime\win64;C:\Program Files\MATLAB\R2016a\bin;C:\Program Files\MATLAB\R2016a\polyspace\bin;C:\MinGW\bin;C:\Program Files\Git\cmd;C:\Program Files\Java\jdk-16\bin;C:\Users\PIYUSH\AppData\Local\Microsoft\WindowsApps;;C:\Users\PIYUSH\AppData\Local\Programs\Microsoft VS Code\bin
USERNAME=PIYUSH
OS=Windows_NT
PROCESSOR_IDENTIFIER=Intel64 Family 6 Model 142 Stepping 10, GenuineIntel



---------------  S Y S T E M  ---------------

OS:
 Windows 10 , 64 bit Build 19041 (10.0.19041.804)
OS uptime: 18 days 11:03 hours

CPU: total 8 (initial active 8) (4 cores per cpu, 2 threads per core) family 6 model 142 stepping 10 microcode 0xe0, cx8, cmov, fxsr, ht, mmx, 3dnowpref, sse, sse2, sse3, ssse3, sse4.1, sse4.2, popcnt, lzcnt, tsc, tscinvbit, avx, avx2, aes, erms, clmul, bmi1, bmi2, adx, fma, vzeroupper, clflush, clflushopt

Memory: 4k page, system-wide physical 8078M (978M free)
TotalPageFile size 32654M (AvailPageFile size 18M)
current process WorkingSet (physical memory assigned to process): 10M, peak: 10M
current process commit charge ("private bytes"): 60M, peak: 188M

vm_info: Java HotSpot(TM) 64-Bit Server VM (16+36-2231) for windows-amd64 JRE (16+36-2231), built on Feb  8 2021 11:43:10 by "mach5one" with MS VC++ 16.7 (VS2019)

END.
